# JRE version: OpenJDK Runtime Environment Temurin-21.0.8+9 (21.0.8+9) (build 21.0.8+9-LTS)
# Java VM: OpenJDK 64-Bit Server VM Temurin-21.0.8+9 (21.0.8+9-LTS, mixed mode, sharing, tiered, compressed oops, compressed class ptrs, parallel gc, windows-amd64)
GC Precious Log:
 CardTable entry size: 512
 CPUs: 12 total, 12 available
 Memory: 7525M
 Large Page Support: Disabled
 NUMA Support: Disabled
 Compressed Oops: Enabled (32-bit)
 Alignments: Space 512K, Generation 512K, Heap 2M
 Heap Min Capacity: 100M
 Heap Initial Capacity: 100M
 Heap Max Capacity: 2G
 Pre-touch: Disabled
 Parallel Workers: 10
Heap:
 PSYoungGen      total 7680K, used 2811K [0x00000000d5580000, 0x00000000d6700000, 0x0000000100000000)
  eden space 5120K, 5% used [0x00000000d5580000,0x00000000d55c09e0,0x00000000d5a80000)
  from space 2560K, 99% used [0x00000000d6000000,0x00000000d627e310,0x00000000d6280000)
  to   space 5632K, 0% used [0x00000000d5a80000,0x00000000d5a80000,0x00000000d6000000)
 ParOldGen       total 579072K, used 372672K [0x0000000080000000, 0x00000000a3580000, 0x00000000d5580000)
  object space 579072K, 64% used [0x0000000080000000,0x0000000096bf0048,0x00000000a3580000)
 Metaspace       used 89124K, committed 90560K, reserved 1179648K
  class space    used 8852K, committed 9472K, reserved 1048576K
GC Heap History (20 events):
Event: 9451.533 GC heap before
{Heap before GC invocations=2215 (full 5):
 PSYoungGen      total 10752K, used 8108K [0x00000000d5580000, 0x00000000d6480000, 0x0000000100000000)
  eden space 7680K, 94% used [0x00000000d5580000,0x00000000d5c91be8,0x00000000d5d00000)
  from space 3072K, 28% used [0x00000000d5f00000,0x00000000d5fd96d0,0x00000000d6200000)
  to   space 1536K, 0% used [0x00000000d6300000,0x00000000d6300000,0x00000000d6480000)
 ParOldGen       total 579072K, used 354230K [0x0000000080000000, 0x00000000a3580000, 0x00000000d5580000)
  object space 579072K, 61% used [0x0000000080000000,0x00000000959edae8,0x00000000a3580000)
 Metaspace       used 89034K, committed 90496K, reserved 1179648K
  class space    used 8851K, committed 9472K, reserved 1048576K
}
Event: 9451.535 GC heap after
{Heap after GC invocations=2215 (full 5):
 PSYoungGen      total 8192K, used 288K [0x00000000d5580000, 0x00000000d6380000, 0x0000000100000000)
  eden space 7680K, 0% used [0x00000000d5580000,0x00000000d5580000,0x00000000d5d00000)
  from space 512K, 56% used [0x00000000d6300000,0x00000000d6348000,0x00000000d6380000)
  to   space 1024K, 0% used [0x00000000d6180000,0x00000000d6180000,0x00000000d6280000)
 ParOldGen       total 579072K, used 354430K [0x0000000080000000, 0x00000000a3580000, 0x00000000d5580000)
  object space 579072K, 61% used [0x0000000080000000,0x0000000095a1f958,0x00000000a3580000)
 Metaspace       used 89034K, committed 90496K, reserved 1179648K
  class space    used 8851K, committed 9472K, reserved 1048576K
}
Event: 9451.682 GC heap before
{Heap before GC invocations=2216 (full 5):
 PSYoungGen      total 8192K, used 7968K [0x00000000d5580000, 0x00000000d6380000, 0x0000000100000000)
  eden space 7680K, 100% used [0x00000000d5580000,0x00000000d5d00000,0x00000000d5d00000)
  from space 512K, 56% used [0x00000000d6300000,0x00000000d6348000,0x00000000d6380000)
  to   space 1024K, 0% used [0x00000000d6180000,0x00000000d6180000,0x00000000d6280000)
 ParOldGen       total 579072K, used 354430K [0x0000000080000000, 0x00000000a3580000, 0x00000000d5580000)
  object space 579072K, 61% used [0x0000000080000000,0x0000000095a1f958,0x00000000a3580000)
 Metaspace       used 89036K, committed 90496K, reserved 1179648K
  class space    used 8851K, committed 9472K, reserved 1048576K
}
Event: 9451.685 GC heap after
{Heap after GC invocations=2216 (full 5):
 PSYoungGen      total 8704K, used 778K [0x00000000d5580000, 0x00000000d6380000, 0x0000000100000000)
  eden space 7680K, 0% used [0x00000000d5580000,0x00000000d5580000,0x00000000d5d00000)
  from space 1024K, 76% used [0x00000000d6180000,0x00000000d6242b98,0x00000000d6280000)
  to   space 1024K, 0% used [0x00000000d6280000,0x00000000d6280000,0x00000000d6380000)
 ParOldGen       total 579072K, used 354494K [0x0000000080000000, 0x00000000a3580000, 0x00000000d5580000)
  object space 579072K, 61% used [0x0000000080000000,0x0000000095a2f958,0x00000000a3580000)
 Metaspace       used 89036K, committed 90496K, reserved 1179648K
  class space    used 8851K, committed 9472K, reserved 1048576K
}
Event: 9453.650 GC heap before
{Heap before GC invocations=2217 (full 5):
 PSYoungGen      total 8704K, used 8333K [0x00000000d5580000, 0x00000000d6380000, 0x0000000100000000)
  eden space 7680K, 98% used [0x00000000d5580000,0x00000000d5ce09e8,0x00000000d5d00000)
  from space 1024K, 76% used [0x00000000d6180000,0x00000000d6242b98,0x00000000d6280000)
  to   space 1024K, 0% used [0x00000000d6280000,0x00000000d6280000,0x00000000d6380000)
 ParOldGen       total 579072K, used 354494K [0x0000000080000000, 0x00000000a3580000, 0x00000000d5580000)
  object space 579072K, 61% used [0x0000000080000000,0x0000000095a2f958,0x00000000a3580000)
 Metaspace       used 89038K, committed 90496K, reserved 1179648K
  class space    used 8851K, committed 9472K, reserved 1048576K
}
Event: 9453.665 GC heap after
{Heap after GC invocations=2217 (full 5):
 PSYoungGen      total 8192K, used 384K [0x00000000d5580000, 0x00000000d6300000, 0x0000000100000000)
  eden space 7680K, 0% used [0x00000000d5580000,0x00000000d5580000,0x00000000d5d00000)
  from space 512K, 75% used [0x00000000d6280000,0x00000000d62e0020,0x00000000d6300000)
  to   space 1024K, 0% used [0x00000000d6100000,0x00000000d6100000,0x00000000d6200000)
 ParOldGen       total 579072K, used 358130K [0x0000000080000000, 0x00000000a3580000, 0x00000000d5580000)
  object space 579072K, 61% used [0x0000000080000000,0x0000000095dbc8e0,0x00000000a3580000)
 Metaspace       used 89038K, committed 90496K, reserved 1179648K
  class space    used 8851K, committed 9472K, reserved 1048576K
}
Event: 9454.136 GC heap before
{Heap before GC invocations=2218 (full 5):
 PSYoungGen      total 8192K, used 8064K [0x00000000d5580000, 0x00000000d6300000, 0x0000000100000000)
  eden space 7680K, 99% used [0x00000000d5580000,0x00000000d5cffff8,0x00000000d5d00000)
  from space 512K, 75% used [0x00000000d6280000,0x00000000d62e0020,0x00000000d6300000)
  to   space 1024K, 0% used [0x00000000d6100000,0x00000000d6100000,0x00000000d6200000)
 ParOldGen       total 579072K, used 358130K [0x0000000080000000, 0x00000000a3580000, 0x00000000d5580000)
  object space 579072K, 61% used [0x0000000080000000,0x0000000095dbc8e0,0x00000000a3580000)
 Metaspace       used 89098K, committed 90560K, reserved 1179648K
  class space    used 8851K, committed 9472K, reserved 1048576K
}
Event: 9454.139 GC heap after
{Heap after GC invocations=2218 (full 5):
 PSYoungGen      total 8704K, used 1022K [0x00000000d5580000, 0x00000000d6300000, 0x0000000100000000)
  eden space 7680K, 0% used [0x00000000d5580000,0x00000000d5580000,0x00000000d5d00000)
  from space 1024K, 99% used [0x00000000d6100000,0x00000000d61ffb20,0x00000000d6200000)
  to   space 1024K, 0% used [0x00000000d6200000,0x00000000d6200000,0x00000000d6300000)
 ParOldGen       total 579072K, used 358444K [0x0000000080000000, 0x00000000a3580000, 0x00000000d5580000)
  object space 579072K, 61% used [0x0000000080000000,0x0000000095e0b250,0x00000000a3580000)
 Metaspace       used 89098K, committed 90560K, reserved 1179648K
  class space    used 8851K, committed 9472K, reserved 1048576K
}
Event: 9454.535 GC heap before
{Heap before GC invocations=2219 (full 5):
 PSYoungGen      total 8704K, used 8702K [0x00000000d5580000, 0x00000000d6300000, 0x0000000100000000)
  eden space 7680K, 99% used [0x00000000d5580000,0x00000000d5cfffe8,0x00000000d5d00000)
  from space 1024K, 99% used [0x00000000d6100000,0x00000000d61ffb20,0x00000000d6200000)
  to   space 1024K, 0% used [0x00000000d6200000,0x00000000d6200000,0x00000000d6300000)
 ParOldGen       total 579072K, used 358444K [0x0000000080000000, 0x00000000a3580000, 0x00000000d5580000)
  object space 579072K, 61% used [0x0000000080000000,0x0000000095e0b250,0x00000000a3580000)
 Metaspace       used 89099K, committed 90560K, reserved 1179648K
  class space    used 8851K, committed 9472K, reserved 1048576K
}
Event: 9454.538 GC heap after
{Heap after GC invocations=2219 (full 5):
 PSYoungGen      total 8704K, used 532K [0x00000000d5580000, 0x00000000d6300000, 0x0000000100000000)
  eden space 7680K, 0% used [0x00000000d5580000,0x00000000d5580000,0x00000000d5d00000)
  from space 1024K, 52% used [0x00000000d6200000,0x00000000d6285200,0x00000000d6300000)
  to   space 1024K, 0% used [0x00000000d6100000,0x00000000d6100000,0x00000000d6200000)
 ParOldGen       total 579072K, used 359387K [0x0000000080000000, 0x00000000a3580000, 0x00000000d5580000)
  object space 579072K, 62% used [0x0000000080000000,0x0000000095ef6e80,0x00000000a3580000)
 Metaspace       used 89099K, committed 90560K, reserved 1179648K
  class space    used 8851K, committed 9472K, reserved 1048576K
}
Event: 9456.375 GC heap before
{Heap before GC invocations=2220 (full 5):
 PSYoungGen      total 8704K, used 8189K [0x00000000d5580000, 0x00000000d6300000, 0x0000000100000000)
  eden space 7680K, 99% used [0x00000000d5580000,0x00000000d5cfa2a8,0x00000000d5d00000)
  from space 1024K, 52% used [0x00000000d6200000,0x00000000d6285200,0x00000000d6300000)
  to   space 1024K, 0% used [0x00000000d6100000,0x00000000d6100000,0x00000000d6200000)
 ParOldGen       total 579072K, used 359387K [0x0000000080000000, 0x00000000a3580000, 0x00000000d5580000)
  object space 579072K, 62% used [0x0000000080000000,0x0000000095ef6e80,0x00000000a3580000)
 Metaspace       used 89112K, committed 90560K, reserved 1179648K
  class space    used 8852K, committed 9472K, reserved 1048576K
}
Event: 9456.378 GC heap after
{Heap after GC invocations=2220 (full 5):
 PSYoungGen      total 8704K, used 926K [0x00000000d5580000, 0x00000000d6280000, 0x0000000100000000)
  eden space 7680K, 0% used [0x00000000d5580000,0x00000000d5580000,0x00000000d5d00000)
  from space 1024K, 90% used [0x00000000d6100000,0x00000000d61e7b30,0x00000000d6200000)
  to   space 512K, 0% used [0x00000000d6200000,0x00000000d6200000,0x00000000d6280000)
 ParOldGen       total 579072K, used 359491K [0x0000000080000000, 0x00000000a3580000, 0x00000000d5580000)
  object space 579072K, 62% used [0x0000000080000000,0x0000000095f10e80,0x00000000a3580000)
 Metaspace       used 89112K, committed 90560K, reserved 1179648K
  class space    used 8852K, committed 9472K, reserved 1048576K
}
Event: 9457.678 GC heap before
{Heap before GC invocations=2221 (full 5):
 PSYoungGen      total 8704K, used 8606K [0x00000000d5580000, 0x00000000d6280000, 0x0000000100000000)
  eden space 7680K, 100% used [0x00000000d5580000,0x00000000d5d00000,0x00000000d5d00000)
  from space 1024K, 90% used [0x00000000d6100000,0x00000000d61e7b30,0x00000000d6200000)
  to   space 512K, 0% used [0x00000000d6200000,0x00000000d6200000,0x00000000d6280000)
 ParOldGen       total 579072K, used 359491K [0x0000000080000000, 0x00000000a3580000, 0x00000000d5580000)
  object space 579072K, 62% used [0x0000000080000000,0x0000000095f10e80,0x00000000a3580000)
 Metaspace       used 89112K, committed 90560K, reserved 1179648K
  class space    used 8852K, committed 9472K, reserved 1048576K
}
Event: 9457.686 GC heap after
{Heap after GC invocations=2221 (full 5):
 PSYoungGen      total 8192K, used 496K [0x00000000d5580000, 0x00000000d6600000, 0x0000000100000000)
  eden space 7680K, 0% used [0x00000000d5580000,0x00000000d5580000,0x00000000d5d00000)
  from space 512K, 96% used [0x00000000d6200000,0x00000000d627c128,0x00000000d6280000)
  to   space 4608K, 0% used [0x00000000d5d00000,0x00000000d5d00000,0x00000000d6180000)
 ParOldGen       total 579072K, used 362911K [0x0000000080000000, 0x00000000a3580000, 0x00000000d5580000)
  object space 579072K, 62% used [0x0000000080000000,0x0000000096267c98,0x00000000a3580000)
 Metaspace       used 89112K, committed 90560K, reserved 1179648K
  class space    used 8852K, committed 9472K, reserved 1048576K
}
Event: 9457.712 GC heap before
{Heap before GC invocations=2222 (full 5):
 PSYoungGen      total 8192K, used 8176K [0x00000000d5580000, 0x00000000d6600000, 0x0000000100000000)
  eden space 7680K, 100% used [0x00000000d5580000,0x00000000d5d00000,0x00000000d5d00000)
  from space 512K, 96% used [0x00000000d6200000,0x00000000d627c128,0x00000000d6280000)
  to   space 4608K, 0% used [0x00000000d5d00000,0x00000000d5d00000,0x00000000d6180000)
 ParOldGen       total 579072K, used 362911K [0x0000000080000000, 0x00000000a3580000, 0x00000000d5580000)
  object space 579072K, 62% used [0x0000000080000000,0x0000000096267c98,0x00000000a3580000)
 Metaspace       used 89112K, committed 90560K, reserved 1179648K
  class space    used 8852K, committed 9472K, reserved 1048576K
}
Event: 9459.752 GC heap after
{Heap after GC invocations=2222 (full 5):
 PSYoungGen      total 12288K, used 4581K [0x00000000d5580000, 0x00000000d6600000, 0x0000000100000000)
  eden space 7680K, 0% used [0x00000000d5580000,0x00000000d5580000,0x00000000d5d00000)
  from space 4608K, 99% used [0x00000000d5d00000,0x00000000d61796c0,0x00000000d6180000)
  to   space 512K, 0% used [0x00000000d6200000,0x00000000d6200000,0x00000000d6280000)
 ParOldGen       total 579072K, used 365577K [0x0000000080000000, 0x00000000a3580000, 0x00000000d5580000)
  object space 579072K, 63% used [0x0000000080000000,0x0000000096502440,0x00000000a3580000)
 Metaspace       used 89112K, committed 90560K, reserved 1179648K
  class space    used 8852K, committed 9472K, reserved 1048576K
}
Event: 9461.883 GC heap before
{Heap before GC invocations=2223 (full 5):
 PSYoungGen      total 12288K, used 12261K [0x00000000d5580000, 0x00000000d6600000, 0x0000000100000000)
  eden space 7680K, 100% used [0x00000000d5580000,0x00000000d5d00000,0x00000000d5d00000)
  from space 4608K, 99% used [0x00000000d5d00000,0x00000000d61796c0,0x00000000d6180000)
  to   space 512K, 0% used [0x00000000d6200000,0x00000000d6200000,0x00000000d6280000)
 ParOldGen       total 579072K, used 365577K [0x0000000080000000, 0x00000000a3580000, 0x00000000d5580000)
  object space 579072K, 63% used [0x0000000080000000,0x0000000096502440,0x00000000a3580000)
 Metaspace       used 89112K, committed 90560K, reserved 1179648K
  class space    used 8852K, committed 9472K, reserved 1048576K
}
Event: 9462.911 GC heap after
{Heap after GC invocations=2223 (full 5):
 PSYoungGen      total 7168K, used 480K [0x00000000d5580000, 0x00000000d6900000, 0x0000000100000000)
  eden space 6656K, 0% used [0x00000000d5580000,0x00000000d5580000,0x00000000d5c00000)
  from space 512K, 93% used [0x00000000d6200000,0x00000000d6278020,0x00000000d6280000)
  to   space 6144K, 0% used [0x00000000d5c00000,0x00000000d5c00000,0x00000000d6200000)
 ParOldGen       total 579072K, used 370274K [0x0000000080000000, 0x00000000a3580000, 0x00000000d5580000)
  object space 579072K, 63% used [0x0000000080000000,0x0000000096998960,0x00000000a3580000)
 Metaspace       used 89112K, committed 90560K, reserved 1179648K
  class space    used 8852K, committed 9472K, reserved 1048576K
}
Event: 9463.164 GC heap before
{Heap before GC invocations=2224 (full 5):
 PSYoungGen      total 7168K, used 7136K [0x00000000d5580000, 0x00000000d6900000, 0x0000000100000000)
  eden space 6656K, 100% used [0x00000000d5580000,0x00000000d5c00000,0x00000000d5c00000)
  from space 512K, 93% used [0x00000000d6200000,0x00000000d6278020,0x00000000d6280000)
  to   space 6144K, 0% used [0x00000000d5c00000,0x00000000d5c00000,0x00000000d6200000)
 ParOldGen       total 579072K, used 370274K [0x0000000080000000, 0x00000000a3580000, 0x00000000d5580000)
  object space 579072K, 63% used [0x0000000080000000,0x0000000096998960,0x00000000a3580000)
 Metaspace       used 89124K, committed 90560K, reserved 1179648K
  class space    used 8852K, committed 9472K, reserved 1048576K
}
Event: 9463.168 GC heap after
{Heap after GC invocations=2224 (full 5):
 PSYoungGen      total 7168K, used 416K [0x00000000d5580000, 0x00000000d6280000, 0x0000000100000000)
  eden space 6656K, 0% used [0x00000000d5580000,0x00000000d5580000,0x00000000d5c00000)
  from space 512K, 81% used [0x00000000d5c00000,0x00000000d5c68020,0x00000000d5c80000)
  to   space 2560K, 0% used [0x00000000d6000000,0x00000000d6000000,0x00000000d6280000)
 ParOldGen       total 579072K, used 370806K [0x0000000080000000, 0x00000000a3580000, 0x00000000d5580000)
  object space 579072K, 64% used [0x0000000080000000,0x0000000096a1da98,0x00000000a3580000)
 Metaspace       used 89124K, committed 90560K, reserved 1179648K
  class space    used 8852K, committed 9472K, reserved 1048576K
}

